#
# A fatal error has been detected by the Java Runtime Environment:
#
#  SIGBUS (0xa) at pc=0x00000001328289e0, pid=88594, tid=39683
#
# JRE version: Java(TM) SE Runtime Environment 18.9 (11.0.8+10) (build 11.0.8+10-LTS)
# Java VM: Java HotSpot(TM) 64-Bit Server VM 18.9 (11.0.8+10-LTS, mixed mode, tiered, compressed oops, g1 gc, bsd-amd64)
# Problematic frame:
# C  [libopenblas_nolapack.dylib+0x4cf9e0]  dgetrf_parallel+0x6c0
#
# No core dump will be written. Core dumps have been disabled. To enable core dumping, try "ulimit -c unlimited" before starting Java again
#
# If you would like to submit a bug report, please visit:
#   https://bugreport.java.com/bugreport/crash.jsp
# The crash happened outside the Java Virtual Machine in native code.
# See problematic frame for where to report the bug.
#

---------------  S U M M A R Y ------------

Command Line: -Dorg.gradle.native=false -Xmx512m -Dfile.encoding=UTF-8 -Duser.country=US -Duser.language=en -Duser.variant -ea worker.org.gradle.process.internal.worker.GradleWorkerMain 'Gradle Test Executor 23'

Host: iMac20,1 x86_64 3100 MHz, 12 cores, 16G, Darwin 20.2.0
Time: Sun Feb 14 11:54:44 2021 PST elapsed time: 1 seconds (0d 0h 0m 1s)

---------------  T H R E A D  ---------------

Current thread (0x00007f82579cd800):  JavaThread "Test worker" [_thread_in_native, id=39683, stack(0x000070000559f000,0x000070000569f000)]

Stack: [0x000070000559f000,0x000070000569f000],  sp=0x0000700005593780,  free space=18014398509481937k
Native frames: (J=compiled Java code, A=aot compiled Java code, j=interpreted, Vv=VM code, C=native code)
C  [libopenblas_nolapack.dylib+0x4cf9e0]  dgetrf_parallel+0x6c0

Java frames: (J=compiled Java code, j=interpreted, Vv=VM code)
j  org.bytedeco.openblas.global.openblas.LAPACKE_dgetrf(IIILjava/nio/DoubleBuffer;ILjava/nio/IntBuffer;)I+0
j  smile.math.blas.openblas.OpenBLAS.getrf(Lsmile/math/blas/Layout;IILjava/nio/DoubleBuffer;ILjava/nio/IntBuffer;)I+12
j  smile.math.matrix.Matrix.lu(Z)Lsmile/math/matrix/Matrix$LU;+54
j  smile.math.matrix.Matrix.lu()Lsmile/math/matrix/Matrix$LU;+2
j  org.simbrain.network.SmileTest.basics()V+768
v  ~StubRoutines::call_stub
j  jdk.internal.reflect.NativeMethodAccessorImpl.invoke0(Ljava/lang/reflect/Method;Ljava/lang/Object;[Ljava/lang/Object;)Ljava/lang/Object;+0 java.base@11.0.8
j  jdk.internal.reflect.NativeMethodAccessorImpl.invoke(Ljava/lang/Object;[Ljava/lang/Object;)Ljava/lang/Object;+100 java.base@11.0.8
j  jdk.internal.reflect.DelegatingMethodAccessorImpl.invoke(Ljava/lang/Object;[Ljava/lang/Object;)Ljava/lang/Object;+6 java.base@11.0.8
j  java.lang.reflect.Method.invoke(Ljava/lang/Object;[Ljava/lang/Object;)Ljava/lang/Object;+59 java.base@11.0.8
j  org.junit.runners.model.FrameworkMethod$1.runReflectiveCall()Ljava/lang/Object;+15
j  org.junit.internal.runners.model.ReflectiveCallable.run()Ljava/lang/Object;+1
j  org.junit.runners.model.FrameworkMethod.invokeExplosively(Ljava/lang/Object;[Ljava/lang/Object;)Ljava/lang/Object;+10
j  org.junit.internal.runners.statements.InvokeMethod.evaluate()V+12
j  org.junit.runners.ParentRunner.runLeaf(Lorg/junit/runners/model/Statement;Lorg/junit/runner/Description;Lorg/junit/runner/notification/RunNotifier;)V+17
j  org.junit.runners.BlockJUnit4ClassRunner.runChild(Lorg/junit/runners/model/FrameworkMethod;Lorg/junit/runner/notification/RunNotifier;)V+30
j  org.junit.runners.BlockJUnit4ClassRunner.runChild(Ljava/lang/Object;Lorg/junit/runner/notification/RunNotifier;)V+6
j  org.junit.runners.ParentRunner$3.run()V+12
j  org.junit.runners.ParentRunner$1.schedule(Ljava/lang/Runnable;)V+1
j  org.junit.runners.ParentRunner.runChildren(Lorg/junit/runner/notification/RunNotifier;)V+44
j  org.junit.runners.ParentRunner.access$000(Lorg/junit/runners/ParentRunner;Lorg/junit/runner/notification/RunNotifier;)V+2
j  org.junit.runners.ParentRunner$2.evaluate()V+8
j  org.junit.runners.ParentRunner.run(Lorg/junit/runner/notification/RunNotifier;)V+20
j  org.gradle.api.internal.tasks.testing.junit.JUnitTestClassExecutor.runTestClass(Ljava/lang/String;)V+296
j  org.gradle.api.internal.tasks.testing.junit.JUnitTestClassExecutor.execute(Ljava/lang/String;)V+14
j  org.gradle.api.internal.tasks.testing.junit.JUnitTestClassExecutor.execute(Ljava/lang/Object;)V+5
j  org.gradle.api.internal.tasks.testing.junit.AbstractJUnitTestClassProcessor.processTestClass(Lorg/gradle/api/internal/tasks/testing/TestClassRunInfo;)V+26
j  org.gradle.api.internal.tasks.testing.SuiteTestClassProcessor.processTestClass(Lorg/gradle/api/internal/tasks/testing/TestClassRunInfo;)V+5
v  ~StubRoutines::call_stub
j  jdk.internal.reflect.NativeMethodAccessorImpl.invoke0(Ljava/lang/reflect/Method;Ljava/lang/Object;[Ljava/lang/Object;)Ljava/lang/Object;+0 java.base@11.0.8
j  jdk.internal.reflect.NativeMethodAccessorImpl.invoke(Ljava/lang/Object;[Ljava/lang/Object;)Ljava/lang/Object;+100 java.base@11.0.8
j  jdk.internal.reflect.DelegatingMethodAccessorImpl.invoke(Ljava/lang/Object;[Ljava/lang/Object;)Ljava/lang/Object;+6 java.base@11.0.8
j  java.lang.reflect.Method.invoke(Ljava/lang/Object;[Ljava/lang/Object;)Ljava/lang/Object;+59 java.base@11.0.8
j  org.gradle.internal.dispatch.ReflectionDispatch.dispatch(Lorg/gradle/internal/dispatch/MethodInvocation;)V+19
j  org.gradle.internal.dispatch.ReflectionDispatch.dispatch(Ljava/lang/Object;)V+5
j  org.gradle.internal.dispatch.ContextClassLoaderDispatch.dispatch(Ljava/lang/Object;)V+22
j  org.gradle.internal.dispatch.ProxyDispatchAdapter$DispatchingInvocationHandler.invoke(Ljava/lang/Object;Ljava/lang/reflect/Method;[Ljava/lang/Object;)Ljava/lang/Object;+177
j  com.sun.proxy.$Proxy2.processTestClass(Lorg/gradle/api/internal/tasks/testing/TestClassRunInfo;)V+16
j  org.gradle.api.internal.tasks.testing.worker.TestWorker.processTestClass(Lorg/gradle/api/internal/tasks/testing/TestClassRunInfo;)V+13
v  ~StubRoutines::call_stub
j  jdk.internal.reflect.NativeMethodAccessorImpl.invoke0(Ljava/lang/reflect/Method;Ljava/lang/Object;[Ljava/lang/Object;)Ljava/lang/Object;+0 java.base@11.0.8
j  jdk.internal.reflect.NativeMethodAccessorImpl.invoke(Ljava/lang/Object;[Ljava/lang/Object;)Ljava/lang/Object;+100 java.base@11.0.8
j  jdk.internal.reflect.DelegatingMethodAccessorImpl.invoke(Ljava/lang/Object;[Ljava/lang/Object;)Ljava/lang/Object;+6 java.base@11.0.8
j  java.lang.reflect.Method.invoke(Ljava/lang/Object;[Ljava/lang/Object;)Ljava/lang/Object;+59 java.base@11.0.8
j  org.gradle.internal.dispatch.ReflectionDispatch.dispatch(Lorg/gradle/internal/dispatch/MethodInvocation;)V+19
j  org.gradle.internal.dispatch.ReflectionDispatch.dispatch(Ljava/lang/Object;)V+5
j  org.gradle.internal.remote.internal.hub.MessageHubBackedObjectConnection$DispatchWrapper.dispatch(Lorg/gradle/internal/dispatch/MethodInvocation;)V+5
j  org.gradle.internal.remote.internal.hub.MessageHubBackedObjectConnection$DispatchWrapper.dispatch(Ljava/lang/Object;)V+5
j  org.gradle.internal.remote.internal.hub.MessageHub$Handler.run()V+174
j  org.gradle.internal.concurrent.ExecutorPolicy$CatchAndRecordFailures.onExecute(Ljava/lang/Runnable;)V+1
j  org.gradle.internal.concurrent.ManagedExecutorImpl$1.run()V+25
j  java.util.concurrent.ThreadPoolExecutor.runWorker(Ljava/util/concurrent/ThreadPoolExecutor$Worker;)V+92 java.base@11.0.8
j  java.util.concurrent.ThreadPoolExecutor$Worker.run()V+5 java.base@11.0.8
j  org.gradle.internal.concurrent.ThreadFactoryImpl$ManagedThreadRunnable.run()V+7
j  java.lang.Thread.run()V+11 java.base@11.0.8
v  ~StubRoutines::call_stub

siginfo: si_signo: 10 (SIGBUS), si_code: 2 (BUS_ADRERR), si_addr: 0x000070000559fd80

Register to memory mapping:

RAX=0x000070000559fdc0 is pointing into the stack for thread: 0x00007f82579cd800
RBX=0x0000700005593d80 is pointing into the stack for thread: 0x00007f8257148800
RCX=0x0000000000000004 is an unknown value
RDX=0x0 is NULL
RSP=0x0000700005593780 is pointing into the stack for thread: 0x00007f8257148800
RBP=0x0000700005617df0 is pointing into the stack for thread: 0x00007f82579cd800
RSI=0x000070000559fdc0 is pointing into the stack for thread: 0x00007f82579cd800
RDI=0x0000700005595200 is pointing into the stack for thread: 0x00007f8257148800
R8 =0x0 is NULL
R9 =0x0 is NULL
R10=0x0000000000000004 is an unknown value
R11=0x0000700005593b70 is pointing into the stack for thread: 0x00007f8257148800
R12=0x00000000000000bb is an unknown value
R13=0x0000000000000005 is an unknown value
R14=0x0000700005593960 is pointing into the stack for thread: 0x00007f8257148800
R15=0x00000001360f04a0: getrf_flag_lock+0 in /Users/devanshukumar/.javacpp/cache/openblas-0.3.5-1.5-macosx-x86_64.jar/org/bytedeco/openblas/macosx-x86_64/libopenblas_nolapack.dylib at 0x0000000132359000


Registers:
RAX=0x000070000559fdc0, RBX=0x0000700005593d80, RCX=0x0000000000000004, RDX=0x0000000000000000
RSP=0x0000700005593780, RBP=0x0000700005617df0, RSI=0x000070000559fdc0, RDI=0x0000700005595200
R8 =0x0000000000000000, R9 =0x0000000000000000, R10=0x0000000000000004, R11=0x0000700005593b70
R12=0x00000000000000bb, R13=0x0000000000000005, R14=0x0000700005593960, R15=0x00000001360f04a0
RIP=0x00000001328289e0, EFLAGS=0x0000000000010246, ERR=0x0000000000000006
  TRAPNO=0x000000000000000e

Top of Stack: (sp=0x0000700005593780)
0x0000700005593780:   0000000000000000 0000000000000000
0x0000700005593790:   0000000000000000 0000000000000000
0x00007000055937a0:   0000000000000000 0000000000000000
0x00007000055937b0:   0000000000000000 0000000000000000
0x00007000055937c0:   0000000000000000 0000000000000000
0x00007000055937d0:   0000000000000000 0000000000000000
0x00007000055937e0:   0000000000000000 0000000000000040
0x00007000055937f0:   0000700005597d80 00007000055938b0
0x0000700005593800:   00007000055938c0 00007f825ad22000
0x0000700005593810:   0000000000000014 000000014f1c9000
0x0000700005593820:   0000000000000411 000000014f1f0100
0x0000700005593830:   0000000000000410 0000700005594d80
0x0000700005593840:   000000014f1d9100 0000000000000000
0x0000700005593850:   0000000200000000 0000000080000001
0x0000700005593860:   00007f825e800000 0000000000000080
0x0000700005593870:   00000000000003e8 0000000000000040
0x0000700005593880:   0000000000000080 0000700005593958
0x0000700005593890:   0000000000000000 00007000055938e0
0x00007000055938a0:   0000700005593d80 000070000569c570
0x00007000055938b0:   0000000000000000 0000000000000014
0x00007000055938c0:   0000000000000000 0000000000000040
0x00007000055938d0:   0000000000000000 0000000000000000
0x00007000055938e0:   000000014f1d9100 00007f825e800000
0x00007000055938f0:   00007f825ad22000 0000700005593d80
0x0000700005593900:   0000000000000000 0000000000000000
0x0000700005593910:   00000000000003a8 0000000000000040
0x0000700005593920:   0000000000000040 0000000000000410
0x0000700005593930:   0000000000000000 0000000000000000
0x0000700005593940:   0000000000000000 0000700005597d80
0x0000700005593950:   0000000000000005 0000000000000000
0x0000700005593960:   0000000000000000 00000000000000bc
0x0000700005593970:   0000000000000178 0000000000000234 

Instructions: (pc=0x00000001328289e0)
0x00000001328289c0:   48 8b 85 00 ba f7 ff 4c 89 ad 60 bb f7 ff 31 c9
0x00000001328289d0:   48 8d 70 40 48 89 f0 31 d2 0f 1f 80 00 00 00 00
0x00000001328289e0:   48 c7 40 c0 00 00 00 00 48 83 c2 01 48 83 e8 80
0x00000001328289f0:   0f ae f0 48 c7 40 80 00 00 00 00 4c 39 ea 0f ae 

Stack slot to memory mapping:
stack at sp + 0 slots: 0x0 is NULL
stack at sp + 1 slots: 0x0 is NULL
stack at sp + 2 slots: 0x0 is NULL
stack at sp + 3 slots: 0x0 is NULL
stack at sp + 4 slots: 0x0 is NULL
stack at sp + 5 slots: 0x0 is NULL
stack at sp + 6 slots: 0x0 is NULL
stack at sp + 7 slots: 0x0 is NULL


---------------  P R O C E S S  ---------------

Threads class SMR info:
_java_thread_list=0x00007f825b8078c0, length=14, elements={
0x00007f825780e000, 0x00007f8257907800, 0x00007f8257008800, 0x00007f8257915000,
0x00007f825880c000, 0x00007f8258838800, 0x00007f8258839000, 0x00007f825887e000,
0x00007f825887f000, 0x00007f8257148800, 0x00007f82579cd800, 0x00007f8257966000,
0x00007f825897e000, 0x00007f825aa5d000
}

Java Threads: ( => current thread )
  0x00007f825780e000 JavaThread "main" [_thread_blocked, id=10243, stack(0x0000700004366000,0x0000700004466000)]
  0x00007f8257907800 JavaThread "Reference Handler" daemon [_thread_blocked, id=13827, stack(0x0000700004a7b000,0x0000700004b7b000)]
  0x00007f8257008800 JavaThread "Finalizer" daemon [_thread_blocked, id=18179, stack(0x0000700004b7e000,0x0000700004c7e000)]
  0x00007f8257915000 JavaThread "Signal Dispatcher" daemon [_thread_blocked, id=43267, stack(0x0000700004d87000,0x0000700004e87000)]
  0x00007f825880c000 JavaThread "C2 CompilerThread0" daemon [_thread_blocked, id=42755, stack(0x0000700004e8a000,0x0000700004f8a000)]
  0x00007f8258838800 JavaThread "C1 CompilerThread0" daemon [_thread_blocked, id=41987, stack(0x0000700004f8d000,0x000070000508d000)]
  0x00007f8258839000 JavaThread "Sweeper thread" daemon [_thread_in_vm, id=41219, stack(0x0000700005090000,0x0000700005190000)]
  0x00007f825887e000 JavaThread "Service Thread" daemon [_thread_blocked, id=22531, stack(0x0000700005193000,0x0000700005293000)]
  0x00007f825887f000 JavaThread "Common-Cleaner" daemon [_thread_blocked, id=40451, stack(0x0000700005399000,0x0000700005499000)]
  0x00007f8257148800 JavaThread "C2 CompilerThread1" daemon [_thread_in_native, id=23555, stack(0x000070000549c000,0x000070000559c000)]
=>0x00007f82579cd800 JavaThread "Test worker" [_thread_in_native, id=39683, stack(0x000070000559f000,0x000070000569f000)]
  0x00007f8257966000 JavaThread "/127.0.0.1:53070 to /127.0.0.1:53069 workers Thread 2" [_thread_blocked, id=38915, stack(0x00007000056a2000,0x00007000057a2000)]
  0x00007f825897e000 JavaThread "/127.0.0.1:53070 to /127.0.0.1:53069 workers Thread 3" [_thread_in_native, id=24579, stack(0x00007000057a5000,0x00007000058a5000)]
  0x00007f825aa5d000 JavaThread "JavaCPP Deallocator" daemon [_thread_blocked, id=27395, stack(0x000070000634f000,0x000070000644f000)]

Other Threads:
  0x00007f82578ff800 VMThread "VM Thread" [stack: 0x0000700004978000,0x0000700004a78000] [id=13315]
  0x00007f825796b800 WatcherThread [stack: 0x0000700005296000,0x0000700005396000] [id=23043]
  0x00007f8257811800 GCTaskThread "GC Thread#0" [stack: 0x0000700004469000,0x0000700004569000] [id=11523]
  0x00007f8257149800 GCTaskThread "GC Thread#1" [stack: 0x00007000058a8000,0x00007000059a8000] [id=25091]
  0x00007f8257b4c000 GCTaskThread "GC Thread#2" [stack: 0x00007000059ab000,0x0000700005aab000] [id=38147]
  0x00007f8257b4c800 